<?xml version="1.0" encoding="UTF-8"?>
<robot generator="Robot 2.8.5 (Jython 2.5.3 on java1.7.0_71)" generated="20141217 14:51:23.583">
<suite source="C:\Users\Eric\Documents\Personal Projects\Text-Adventure\acceptance\TextAdventureAcceptance.txt" id="s1" name="TextAdventureAcceptance">
<test id="s1-t1" name="Start Test for New Game">
<kw type="kw" name="TextAdventureKeywords.Start New Game">
<doc></doc>
<arguments>
</arguments>
<status status="PASS" endtime="20141217 14:51:24.343" starttime="20141217 14:51:24.324"></status>
</kw>
<kw type="kw" name="TextAdventureKeywords.Append Game Room">
<doc></doc>
<arguments>
<arg>Hallway</arg>
</arguments>
<status status="PASS" endtime="20141217 14:51:24.359" starttime="20141217 14:51:24.348"></status>
</kw>
<kw type="kw" name="TextAdventureKeywords.Append Game Room">
<doc></doc>
<arguments>
<arg>Kitchen</arg>
</arguments>
<status status="PASS" endtime="20141217 14:51:24.369" starttime="20141217 14:51:24.363"></status>
</kw>
<kw type="kw" name="TextAdventureKeywords.Append Game Room">
<doc></doc>
<arguments>
<arg>Basement</arg>
</arguments>
<status status="PASS" endtime="20141217 14:51:24.378" starttime="20141217 14:51:24.373"></status>
</kw>
<kw type="kw" name="${Hallway} = TextAdventureKeywords.Get Room">
<doc></doc>
<arguments>
<arg>0</arg>
</arguments>
<msg timestamp="20141217 14:51:24.389" level="INFO">${Hallway} = Hallway</msg>
<status status="PASS" endtime="20141217 14:51:24.387" starttime="20141217 14:51:24.382"></status>
</kw>
<kw type="kw" name="BuiltIn.Should Be Equal">
<doc>Fails if the given objects are unequal.</doc>
<arguments>
<arg>Hallway</arg>
<arg>${Hallway}</arg>
</arguments>
<msg timestamp="20141217 14:51:24.401" level="INFO">Argument types are:
&lt;type 'unicode'&gt;
&lt;type 'unicode'&gt;</msg>
<status status="PASS" endtime="20141217 14:51:24.403" starttime="20141217 14:51:24.394"></status>
</kw>
<kw type="kw" name="${Kitchen} = TextAdventureKeywords.Get Room">
<doc></doc>
<arguments>
<arg>1</arg>
</arguments>
<msg timestamp="20141217 14:51:24.410" level="INFO">${Kitchen} = Kitchen</msg>
<status status="PASS" endtime="20141217 14:51:24.409" starttime="20141217 14:51:24.406"></status>
</kw>
<kw type="kw" name="BuiltIn.Should Be Equal">
<doc>Fails if the given objects are unequal.</doc>
<arguments>
<arg>Kitchen</arg>
<arg>${Kitchen}</arg>
</arguments>
<msg timestamp="20141217 14:51:24.420" level="INFO">Argument types are:
&lt;type 'unicode'&gt;
&lt;type 'unicode'&gt;</msg>
<status status="PASS" endtime="20141217 14:51:24.422" starttime="20141217 14:51:24.413"></status>
</kw>
<kw type="kw" name="${Basement} = TextAdventureKeywords.Get Room">
<doc></doc>
<arguments>
<arg>2</arg>
</arguments>
<msg timestamp="20141217 14:51:24.433" level="INFO">${Basement} = Basement</msg>
<status status="PASS" endtime="20141217 14:51:24.431" starttime="20141217 14:51:24.426"></status>
</kw>
<kw type="kw" name="BuiltIn.Should Be Equal">
<doc>Fails if the given objects are unequal.</doc>
<arguments>
<arg>Basement</arg>
<arg>${Basement}</arg>
</arguments>
<msg timestamp="20141217 14:51:24.441" level="INFO">Argument types are:
&lt;type 'unicode'&gt;
&lt;type 'unicode'&gt;</msg>
<status status="PASS" endtime="20141217 14:51:24.443" starttime="20141217 14:51:24.437"></status>
</kw>
<doc></doc>
<tags>
</tags>
<status status="PASS" critical="yes" endtime="20141217 14:51:24.445" starttime="20141217 14:51:24.309"></status>
</test>
<doc></doc>
<metadata>
</metadata>
<status status="PASS" endtime="20141217 14:51:24.455" starttime="20141217 14:51:23.596"></status>
</suite>
<statistics>
<total>
<stat pass="1" fail="0">Critical Tests</stat>
<stat pass="1" fail="0">All Tests</stat>
</total>
<tag>
</tag>
<suite>
<stat pass="1" id="s1" fail="0" name="TextAdventureAcceptance">TextAdventureAcceptance</stat>
</suite>
</statistics>
<errors>
</errors>
</robot>
